#
# Copyright (c) 2009 Nokia Corporation and/or its subsidiary(-ies).
# All rights reserved.
# This component and the accompanying materials are made available
# under the terms of "Eclipse Public License v1.0"
# which accompanies this distribution, and is available
# at the URL "http://www.eclipse.org/legal/epl-v10.html".
#
# Initial Contributors:
# Nokia Corporation - initial contribution.
#
# Contributors:
#
# Description: 
#

component	security_ups
source	\sf\os\security\authorisation\userpromptservice\bwins
source	\sf\os\security\authorisation\userpromptservice\database
source	\sf\os\security\authorisation\userpromptservice\eabi
source	\sf\os\security\authorisation\userpromptservice\examples
source	\sf\os\security\authorisation\userpromptservice\group
source	\sf\os\security\authorisation\userpromptservice\inc
source	\sf\os\security\authorisation\userpromptservice\inc_private
source	\sf\os\security\authorisation\userpromptservice\policies
source	\sf\os\security\authorisation\userpromptservice\server
source	\sf\os\security\authorisation\userpromptservice\test

binary	\sf\os\security\authorisation\userpromptservice\group	all
exports	\sf\os\security\authorisation\userpromptservice\group

notes_source	\component_defs\release.src

ipr D
ipr T \sf\os\security\authorisation\userpromptservice\database\test
ipr T \sf\os\security\authorisation\userpromptservice\policies\test
ipr T \sf\os\security\authorisation\userpromptservice\server\test
ipr T \sf\os\security\authorisation\userpromptservice\test
ipr T \sf\os\security\authorisation\userpromptservice\examples
