#
# Copyright (c) 2009 Nokia Corporation and/or its subsidiary(-ies).
# All rights reserved.
# This component and the accompanying materials are made available
# under the terms of "Eclipse Public License v1.0"
# which accompanies this distribution, and is available
# at the URL "http://www.eclipse.org/legal/epl-v10.html".
#
# Initial Contributors:
# Nokia Corporation - initial contribution.
#
# Contributors:
#
# Description: 
#

component	security_authserver
source	\sf\os\security\authenticationservices\authenticationserver
binary	\sf\os\security\authenticationservices\authenticationserver\group	all
exports	\sf\os\security\authenticationservices\authenticationserver\group

notes_source	\component_defs\release.src


#  == IPR section auto-inserted from distribution.policy files  ==
ipr E 
ipr T \sf\os\security\authenticationservices\authenticationserver\test

# == end auto-inserted section ==
