#
# Copyright (c) 2009 Nokia Corporation and/or its subsidiary(-ies).
# All rights reserved.
# This component and the accompanying materials are made available
# under the terms of "Eclipse Public License v1.0"
# which accompanies this distribution, and is available
# at the URL "http://www.eclipse.org/legal/epl-v10.html".
#
# Initial Contributors:
# Nokia Corporation - initial contribution.
#
# Contributors:
#
# Description: 
#

component	security_cryptotokens
source	\sf\os\security\cryptomgmtlibs\cryptotokenfw
binary	\sf\os\security\cryptomgmtlibs\cryptotokenfw\group	all
exports	\sf\os\security\cryptomgmtlibs\cryptotokenfw\group
notes_source	\component_defs\release.src


# there are tests in the root directory, do the default is T, even though the bulk of the component is E
ipr T
ipr E \sf\os\security\cryptomgmtlibs\cryptotokenfw\bwins
ipr E \sf\os\security\cryptomgmtlibs\cryptotokenfw\docs
ipr E \sf\os\security\cryptomgmtlibs\cryptotokenfw\docsrc
ipr E \sf\os\security\cryptomgmtlibs\cryptotokenfw\eabi
ipr E \sf\os\security\cryptomgmtlibs\cryptotokenfw\group
ipr E \sf\os\security\cryptomgmtlibs\cryptotokenfw\inc
ipr E \sf\os\security\cryptomgmtlibs\cryptotokenfw\inc_interfaces
ipr E \sf\os\security\cryptomgmtlibs\cryptotokenfw\source
