#
# Copyright (c) 2009 Nokia Corporation and/or its subsidiary(-ies).
# All rights reserved.
# This component and the accompanying materials are made available
# under the terms of "Eclipse Public License v1.0"
# which accompanies this distribution, and is available
# at the URL "http://www.eclipse.org/legal/epl-v10.html".
#
# Initial Contributors:
# Nokia Corporation - initial contribution.
#
# Contributors:
#
# Description: 
#

component	security_asnpkcs
source	\sf\os\security\cryptoservices\asnpkcs
binary  \sf\os\security\cryptoservices\asnpkcs\group all
exports	\sf\os\security\cryptoservices\asnpkcs\group

notes_source	\component_defs\release.src


ipr E 
ipr T \sf\os\security\cryptoservices\asnpkcs\test

