#
# Copyright (c) 2009 Nokia Corporation and/or its subsidiary(-ies).
# All rights reserved.
# This component and the accompanying materials are made available
# under the terms of "Eclipse Public License v1.0"
# which accompanies this distribution, and is available
# at the URL "http://www.eclipse.org/legal/epl-v10.html".
#
# Initial Contributors:
# Nokia Corporation - initial contribution.
#
# Contributors:
#
# Description: 
#

component	security_tools
source	\sf\os\security\securityanddataprivacytools\securitytools
binary	\sf\os\security\securityanddataprivacytools\securitytools\group	all
exports	\sf\os\security\securityanddataprivacytools\securitytools\group
   
notes_source	\component_defs\release.src
   
ipr E
ipr T \sf\os\security\securityanddataprivacytools\securitytools\certapp\test
ipr export-restricted E \sf\os\security\securityanddataprivacytools\securitytools\openssllib\import

# This code has been obtained from www.OpenSSL.org and is
# potentially subject to license and export restrictions.
ipr export-restricted O \sf\os\security\securityanddataprivacytools\securitytools\openssllib\import\inc\openssl