#
# Copyright (c) 2009 Nokia Corporation and/or its subsidiary(-ies).
# All rights reserved.
# This component and the accompanying materials are made available
# under the terms of "Eclipse Public License v1.0"
# which accompanies this distribution, and is available
# at the URL "http://www.eclipse.org/legal/epl-v10.html".
#
# Initial Contributors:
# Nokia Corporation - initial contribution.
#
# Contributors:
#
# Description: 
#

component		security_caf2

source			\sf\os\security\contentmgmt\contentaccessfwfordrm\BWINS
source			\sf\os\security\contentmgmt\contentaccessfwfordrm\EABI
source			\sf\os\security\contentmgmt\contentaccessfwfordrm\engineering
source			\sf\os\security\contentmgmt\contentaccessfwfordrm\group
source			\sf\os\security\contentmgmt\contentaccessfwfordrm\inc
source			\sf\os\security\contentmgmt\cafrecogniserconfig
source			\sf\os\security\contentmgmt\contentaccessfwfordrm\source
source			\sf\os\security\contentmgmt\referencedrmagent

binary			\sf\os\security\contentmgmt\contentaccessfwfordrm\group all
exports			\sf\os\security\contentmgmt\contentaccessfwfordrm\group
notes_source	\component_defs\release.src


ipr D 
ipr T \sf\os\security\contentmgmt\contentaccessfwfordrm\engineering
ipr G \sf\os\security\contentmgmt\cafrecogniserconfig
ipr T \os\security\contentmgmt\referencedrmagent

